<?xml version="1.0" encoding="UTF-8"?>
<!-- Generated by org.testng.reporters.JUnitXMLReporter -->
<testsuite hostname="Manohar" ignored="0" name="Default test" tests="6" failures="0" timestamp="07 Jan 2020 14:55:06 GMT" time="235.366" errors="0">
  <testcase name="clickOnCustomersTestPage" time="6.187" classname="com.qa.nop.testpages.CustomerTestPage"/>
  <testcase name="clickOnLogRequestTestPage" time="3.877" classname="com.qa.nop.testpages.CustomerTestPage"/>
  <testcase name="clickOnCustomerRolesTestPage" time="6.06" classname="com.qa.nop.testpages.CustomerTestPage"/>
  <testcase name="clickOnVendorsTestPage" time="3.687" classname="com.qa.nop.testpages.CustomerTestPage"/>
  <testcase name="clickOnActivityTestPage" time="5.52" classname="com.qa.nop.testpages.CustomerTestPage"/>
  <testcase name="clickOnActivityTypeTestPage" time="5.084" classname="com.qa.nop.testpages.CustomerTestPage"/>
</testsuite> <!-- Default test -->
